<?xml version="1.0" encoding="UTF-8"?>
<!-- Generated by org.testng.reporters.JUnitReportReporter -->
<testsuite hostname="DESKTOP-QSLF747" failures="0" tests="1" name="com.testcases.Add_Product_Inventory_test" time="29.911" errors="0" timestamp="2023-10-13T09:04:50 IST" skipped="0">
  <testcase classname="com.testcases.Add_Product_Inventory_test" name="addproductvalidation" time="29.911"/>
</testsuite> <!-- com.testcases.Add_Product_Inventory_test -->
